2025-09-18 09:13:31 | INFO | Starting GAN training:
    Epochs:          50
    Batch size:      64
    Learning rate:   0.0002
    Device:          cuda
    Beta1, Beta2:    (0.5, 0.999)
    Checkpoints:     True

2025-09-18 09:13:31 | INFO | Resuming from epoch 1
2025-09-18 09:52:31 | INFO | Epoch 2: D Loss: 1.0094, G Loss: 1.4918
2025-09-18 09:52:31 | INFO | Saved sample images for epoch 2
2025-09-18 09:52:32 | INFO | Saved checkpoint at epoch 2 (G loss 1.366169)
2025-09-18 09:52:32 | INFO | No improvement in G loss (patience 1/5)
2025-09-18 10:31:31 | INFO | Epoch 3: D Loss: 0.9423, G Loss: 1.6267
2025-09-18 10:31:31 | INFO | Saved sample images for epoch 3
2025-09-18 10:31:32 | INFO | Saved checkpoint at epoch 3 (G loss 1.366169)
2025-09-18 10:31:32 | INFO | No improvement in G loss (patience 2/5)
2025-09-18 10:34:21 | INFO | Starting GAN training:
    Epochs:          50
    Batch size:      64
    Learning rate:   0.0002
    Device:          cuda
    Beta1, Beta2:    (0.5, 0.999)
    Checkpoints:     True

2025-09-18 10:34:21 | INFO | Resuming from epoch 3
2025-09-18 11:13:28 | INFO | Epoch 4: D Loss: 0.8848, G Loss: 1.7543
2025-09-18 11:13:28 | INFO | Saved sample images for epoch 4
2025-09-18 11:13:29 | INFO | Saved checkpoint at epoch 4 (G loss 1.626738)
2025-09-18 11:13:29 | INFO | No improvement in G loss (patience 1/5)
2025-09-18 11:52:52 | INFO | Epoch 5: D Loss: 0.8368, G Loss: 1.8787
2025-09-18 11:52:52 | INFO | Saved sample images for epoch 5
2025-09-18 11:52:52 | INFO | Saved checkpoint at epoch 5 (G loss 1.626738)
2025-09-18 11:52:52 | INFO | No improvement in G loss (patience 2/5)
2025-09-18 12:33:03 | INFO | Epoch 6: D Loss: 0.8078, G Loss: 1.9858
2025-09-18 12:33:03 | INFO | Saved sample images for epoch 6
2025-09-18 12:33:04 | INFO | Saved checkpoint at epoch 6 (G loss 1.626738)
2025-09-18 12:33:04 | INFO | No improvement in G loss (patience 3/5)
2025-09-18 13:13:09 | INFO | Epoch 7: D Loss: 0.7711, G Loss: 2.0992
2025-09-18 13:13:09 | INFO | Saved sample images for epoch 7
2025-09-18 13:13:09 | INFO | Saved checkpoint at epoch 7 (G loss 1.626738)
2025-09-18 13:13:09 | INFO | No improvement in G loss (patience 4/5)
2025-09-18 13:54:17 | INFO | Starting GAN training:
    Epochs:          50
    Batch size:      64
    Learning rate:   0.0002
    Device:          cuda
    Beta1, Beta2:    (0.5, 0.999)
    Checkpoints:     True

2025-09-18 13:54:18 | INFO | Resuming from epoch 7
2025-09-18 14:35:28 | INFO | Epoch 8: D Loss: 0.7475, G Loss: 2.1987
2025-09-18 14:35:28 | INFO | Saved sample images for epoch 8
2025-09-18 14:35:29 | INFO | Saved checkpoint at epoch 8 (G loss 2.099180)
2025-09-18 14:35:29 | INFO | No improvement in G loss (patience 1/5)
2025-09-18 15:15:15 | INFO | Epoch 9: D Loss: 0.7459, G Loss: 2.2537
2025-09-18 15:15:15 | INFO | Saved sample images for epoch 9
2025-09-18 15:15:16 | INFO | Saved checkpoint at epoch 9 (G loss 2.099180)
2025-09-18 15:15:16 | INFO | No improvement in G loss (patience 2/5)
2025-09-18 15:55:19 | INFO | Epoch 10: D Loss: 0.6977, G Loss: 2.3585
2025-09-18 15:55:19 | INFO | Saved sample images for epoch 10
2025-09-18 15:55:20 | INFO | Saved checkpoint at epoch 10 (G loss 2.099180)
2025-09-18 15:55:20 | INFO | No improvement in G loss (patience 3/5)
2025-09-18 16:14:55 | INFO | Starting GAN training:
    Epochs:          50
    Batch size:      64
    Learning rate:   0.0002
    Device:          cuda
    Beta1, Beta2:    (0.5, 0.999)
    Checkpoints:     True

2025-09-18 16:14:55 | INFO | Resuming from epoch 10
2025-09-18 16:55:05 | INFO | Epoch 11: D Loss: 0.3801, G Loss: 0.3567
2025-09-18 16:55:05 | INFO | Saved sample images for epoch 11
2025-09-18 16:55:05 | INFO | Saved checkpoint at epoch 11 (G loss 0.356715)
2025-09-18 17:34:47 | INFO | Epoch 12: D Loss: 0.3475, G Loss: 0.3476
2025-09-18 17:34:47 | INFO | Saved sample images for epoch 12
2025-09-18 17:34:48 | INFO | Saved checkpoint at epoch 12 (G loss 0.347590)
2025-09-18 17:37:52 | INFO | Starting GAN training:
    Epochs:          50
    Batch size:      64
    Learning rate:   0.0002
    Device:          cuda
    Beta1, Beta2:    (0.5, 0.999)
    Checkpoints:     True

2025-09-18 17:37:53 | INFO | Resuming from epoch 12
