2025-09-17 11:21:35 | INFO | Starting GAN training:
    Epochs:          50
    Batch size:      64
    Learning rate:   0.0002
    Device:          cuda
    Beta1, Beta2:    (0.5, 0.999)

2025-09-17 11:22:15 | INFO | Starting GAN training:
    Epochs:          50
    Batch size:      64
    Learning rate:   0.0002
    Device:          cuda
    Beta1, Beta2:    (0.5, 0.999)

2025-09-17 11:23:37 | INFO | Starting GAN training:
    Epochs:          50
    Batch size:      64
    Learning rate:   0.0002
    Device:          cuda
    Beta1, Beta2:    (0.5, 0.999)

2025-09-17 11:39:50 | INFO | Starting GAN training:
    Epochs:          50
    Batch size:      64
    Learning rate:   0.0002
    Device:          cuda
    Beta1, Beta2:    (0.5, 0.999)

2025-09-17 11:41:27 | INFO | Starting GAN training:
    Epochs:          50
    Batch size:      64
    Learning rate:   0.0002
    Device:          cuda
    Beta1, Beta2:    (0.5, 0.999)

2025-09-17 12:18:21 | INFO | Epoch 1: D Loss: 0.6649, G Loss: 0.0011
2025-09-17 12:18:21 | INFO | Saved sample images for epoch 1
2025-09-17 12:18:21 | INFO | Saved checkpoint at epoch 1 (G loss 0.001063)
2025-09-17 12:55:13 | INFO | Epoch 2: D Loss: 0.6522, G Loss: 0.0000
2025-09-17 12:55:13 | INFO | Saved sample images for epoch 2
2025-09-17 12:55:13 | INFO | Saved checkpoint at epoch 2 (G loss 0.000005)
2025-09-17 13:32:34 | INFO | Epoch 3: D Loss: 0.6515, G Loss: 0.0000
2025-09-17 13:32:34 | INFO | Saved sample images for epoch 3
2025-09-17 13:32:35 | INFO | Saved checkpoint at epoch 3 (G loss 0.000001)
2025-09-17 14:16:59 | INFO | Starting GAN training:
    Epochs:          50
    Batch size:      64
    Learning rate:   0.0002
    Device:          cuda
    Beta1, Beta2:    (0.5, 0.999)

2025-09-17 14:16:59 | INFO | Resuming from epoch 3
2025-09-17 14:17:28 | INFO | Starting GAN training:
    Epochs:          50
    Batch size:      64
    Learning rate:   0.0002
    Device:          cuda
    Beta1, Beta2:    (0.5, 0.999)

2025-09-17 14:55:50 | INFO | Epoch 1: D Loss: 1.1599, G Loss: 1.4484
2025-09-17 14:56:58 | INFO | Starting GAN training:
    Epochs:          50
    Batch size:      64
    Learning rate:   0.0002
    Device:          cuda
    Beta1, Beta2:    (0.5, 0.999)

2025-09-17 15:35:06 | INFO | Epoch 1: D Loss: 1.1150, G Loss: 1.3394
2025-09-17 15:35:06 | INFO | Saved sample images for epoch 1
2025-09-17 15:35:07 | INFO | Saved checkpoint at epoch 1 (G loss 1.339437)
2025-09-17 16:12:46 | INFO | Epoch 2: D Loss: 1.0754, G Loss: 1.3681
2025-09-17 16:12:46 | INFO | Saved sample images for epoch 2
2025-09-17 16:12:46 | INFO | No improvement in G loss (patience 1/5)
2025-09-17 16:51:12 | INFO | Epoch 3: D Loss: 1.0014, G Loss: 1.4994
2025-09-17 16:51:12 | INFO | Saved sample images for epoch 3
2025-09-17 16:51:12 | INFO | No improvement in G loss (patience 2/5)
2025-09-17 17:29:17 | INFO | Epoch 4: D Loss: 0.9358, G Loss: 1.6355
2025-09-17 17:29:17 | INFO | Saved sample images for epoch 4
2025-09-17 17:29:17 | INFO | No improvement in G loss (patience 3/5)
2025-09-17 18:07:36 | INFO | Epoch 5: D Loss: 0.8875, G Loss: 1.7533
2025-09-17 18:07:37 | INFO | Saved sample images for epoch 5
2025-09-17 18:07:37 | INFO | No improvement in G loss (patience 4/5)
2025-09-17 18:07:57 | INFO | Starting GAN training:
    Epochs:          50
    Batch size:      64
    Learning rate:   0.0002
    Device:          cuda
    Beta1, Beta2:    (0.5, 0.999)

2025-09-17 18:07:57 | INFO | Resuming from epoch 1
