2025-09-16 11:11:39 | INFO | Starting GAN training:
    Epochs:          50
    Batch size:      64
    Learning rate:   0.0002
    Device:          cuda
    Beta1, Beta2:    (0.5, 0.999)

2025-09-16 11:53:23 | INFO | Epoch 1: D Loss: 0.7151, G Loss: 0.0383
2025-09-16 11:53:25 | INFO | Saved checkpoint at epoch 1 (G loss 0.038271)
2025-09-16 12:35:19 | INFO | Epoch 2: D Loss: 0.6589, G Loss: 0.0001
2025-09-16 12:35:19 | INFO | Saved sample images for epoch 2
2025-09-16 12:35:19 | INFO | Saved checkpoint at epoch 2 (G loss 0.000064)
2025-09-16 13:27:25 | INFO | Epoch 3: D Loss: 0.6673, G Loss: 0.0200
2025-09-16 13:27:25 | INFO | No improvement in G loss (patience 1/5)
2025-09-16 14:09:24 | INFO | Epoch 4: D Loss: 0.6594, G Loss: 0.0012
2025-09-16 14:09:24 | INFO | Saved sample images for epoch 4
2025-09-16 14:09:24 | INFO | No improvement in G loss (patience 2/5)
2025-09-16 14:51:25 | INFO | Epoch 5: D Loss: 0.6551, G Loss: 0.0003
2025-09-16 14:51:25 | INFO | No improvement in G loss (patience 3/5)
2025-09-16 15:33:21 | INFO | Epoch 6: D Loss: 0.6554, G Loss: 0.0003
2025-09-16 15:33:21 | INFO | Saved sample images for epoch 6
2025-09-16 15:33:21 | INFO | No improvement in G loss (patience 4/5)
2025-09-16 16:14:40 | INFO | Epoch 7: D Loss: 0.6547, G Loss: 0.0005
2025-09-16 16:14:40 | INFO | No improvement in G loss (patience 5/5)
2025-09-16 16:14:40 | INFO | Early stopping at epoch 7
